#
# A fatal error has been detected by the Java Runtime Environment:
#
#  EXCEPTION_ACCESS_VIOLATION (0xc0000005) at pc=0x00007fff75076ab7, pid=43648, tid=74356
#
# JRE version: OpenJDK Runtime Environment JBR-17.0.8.1+7-1063.1-nomod (17.0.8.1+7) (build 17.0.8.1+7-b1063.1)
# Java VM: OpenJDK 64-Bit Server VM JBR-17.0.8.1+7-1063.1-nomod (17.0.8.1+7-b1063.1, mixed mode, tiered, compressed oops, compressed class ptrs, g1 gc, windows-amd64)
# Problematic frame:
# C  [glass.dll+0x26ab7]
#
# No core dump will be written. Minidumps are not enabled by default on client versions of Windows
#
# If you would like to submit a bug report, please visit:
#   https://youtrack.jetbrains.com/issues/JBR
#

---------------  S U M M A R Y ------------

Command Line: -agentlib:jdwp=transport=dt_socket,address=127.0.0.1:63859,suspend=y,server=n -javaagent:C:\Users\Yao\AppData\Local\JetBrains\IntelliJIdea2023.2\captureAgent\debugger-agent.jar -Dfile.encoding=UTF-8 --module-path=C:\Users\Yao\.m2\repository\org\openjfx\javafx-graphics\17.0.2\javafx-graphics-17.0.2-win.jar;C:\Users\Yao\.m2\repository\org\apache\pdfbox\pdfbox\2.0.24\pdfbox-2.0.24.jar;C:\Users\Yao\.m2\repository\org\openjfx\javafx-controls\17.0.2\javafx-controls-17.0.2-win.jar;C:\Users\Yao\.m2\repository\org\springframework\security\spring-security-crypto\6.0.0\spring-security-crypto-6.0.0.jar;C:\Users\Yao\.m2\repository\org\openjfx\javafx-web\17-ea+11\javafx-web-17-ea+11-win.jar;C:\Users\Yao\.m2\repository\org\openjfx\javafx-swing\17.0.2\javafx-swing-17.0.2-win.jar;E:\teach\java-fx\target\classes;C:\Users\Yao\.m2\repository\org\openjfx\javafx-media\17-ea+11\javafx-media-17-ea+11-win.jar;C:\Users\Yao\.m2\repository\com\google\code\gson\gson\2.8.6\gson-2.8.6.jar;C:\Users\Yao\.m2\repository\org\openjfx\javafx-base\17.0.2\javafx-base-17.0.2-win.jar;C:\Users\Yao\.m2\repository\org\openjfx\javafx-fxml\17.0.2\javafx-fxml-17.0.2-win.jar -Djdk.module.main=com.teach.javafx com.teach.javafx/com.teach.javafx.MainApplication

Host: 13th Gen Intel(R) Core(TM) i9-13900HX, 32 cores, 15G,  Windows 11 , 64 bit Build 22621 (10.0.22621.3374)
Time: Sun May  5 18:52:20 2024  Windows 11 , 64 bit Build 22621 (10.0.22621.3374) elapsed time: 132.080314 seconds (0d 0h 2m 12s)

---------------  T H R E A D  ---------------

Current thread (0x0000023cfd8feba0):  VMThread "VM Thread" [stack: 0x0000009b65800000,0x0000009b65900000] [id=74356]

Stack: [0x0000009b65800000,0x0000009b65900000],  sp=0x0000009b658fed20,  free space=1019k
Native frames: (J=compiled Java code, j=interpreted, Vv=VM code, C=native code)
C  [glass.dll+0x26ab7]


siginfo: EXCEPTION_ACCESS_VIOLATION (0xc0000005), reading address 0x0000000000000000


Register to memory mapping:

RIP=0x00007fff75076ab7 glass.dll
RAX=0x0 is NULL
RBX=0x0000023c8d945580 is a global jni handle
RCX=0x0000023cfd8feba0 points into unknown readable memory: 0x00007ffebc89e178 | 78 e1 89 bc fe 7f 00 00
RDX=0x0000009b658fed20 points into unknown readable memory: 0x0000000000000000 | 00 00 00 00 00 00 00 00
RSP=0x0000009b658fed20 points into unknown readable memory: 0x0000000000000000 | 00 00 00 00 00 00 00 00
RBP=0x0000023c84880af8 points into unknown readable memory: 0x0000712025d68060 | 60 80 d6 25 20 71 00 00
RSI=0x0000009b658fee28 points into unknown readable memory: 0x0000009b658fee10 | 10 ee 8f 65 9b 00 00 00
RDI=0x0000023c84880ad0 points into unknown readable memory: 0x75074fbc25d6ff9f | 9f ff d6 25 bc 4f 07 75
R8 =0x0000000000010002 is an unknown value
R9 =0x0000023c84880ad0 points into unknown readable memory: 0x75074fbc25d6ff9f | 9f ff d6 25 bc 4f 07 75
R10=0x85f13e9656da4870 is an unknown value
R11=0x0000009b658fecb0 points into unknown readable memory: 0x0000023c84880ad0 | d0 0a 88 84 3c 02 00 00
R12=0x00007fff75074384 glass.dll
R13=0x00007ffebca7ef30 jvm.dll::LogTagSetMapping<158,0,0,0,0,0>::_tagset + 0x0
R14=0x0000712025d68060 is an unknown value
R15=0x0000023c84880ad0 points into unknown readable memory: 0x75074fbc25d6ff9f | 9f ff d6 25 bc 4f 07 75


Registers:
RAX=0x0000000000000000, RBX=0x0000023c8d945580, RCX=0x0000023cfd8feba0, RDX=0x0000009b658fed20
RSP=0x0000009b658fed20, RBP=0x0000023c84880af8, RSI=0x0000009b658fee28, RDI=0x0000023c84880ad0
R8 =0x0000000000010002, R9 =0x0000023c84880ad0, R10=0x85f13e9656da4870, R11=0x0000009b658fecb0
R12=0x00007fff75074384, R13=0x00007ffebca7ef30, R14=0x0000712025d68060, R15=0x0000023c84880ad0
RIP=0x00007fff75076ab7, EFLAGS=0x0000000000010206

Top of Stack: (sp=0x0000009b658fed20)
0x0000009b658fed20:   0000000000000000 0000009b658fee28
0x0000009b658fed30:   00007ffebca7ef30 00007fff75074384
0x0000009b658fed40:   0000023c84880ad8 00007fff93a63a53
0x0000009b658fed50:   0000023c84880ad0 0000023c00000000
0x0000009b658fed60:   0000023c84880af8 0000009b658fee28
0x0000009b658fed70:   fffffffffffffffe 0000000000000000
0x0000009b658fed80:   0000000000000001 00007fff75050000
0x0000009b658fed90:   0000009b658fee18 00007fff93a3042e
0x0000009b658feda0:   0000000000000000 0000009b658fee28
0x0000009b658fedb0:   0000009b658ff110 0000000000000001
0x0000009b658fedc0:   0000000000000001 00007fff93a2dddd
0x0000009b658fedd0:   0000000000000000 00007fff75073b7d
0x0000009b658fede0:   0000000000000000 0000009b658fee18
0x0000009b658fedf0:   fffffffffffffffe 0000000000000000
0x0000009b658fee00:   0000000000000001 00007fff75074211
0x0000009b658fee10:   00007fff7508a138 00007fff00000002 

Instructions: (pc=0x00007fff75076ab7)
0x00007fff750769b7:   8b 4d 58 e8 01 cf ff ff 48 8b 4d 60 e8 f8 ce ff
0x00007fff750769c7:   ff 48 8b 95 80 00 00 00 48 8b 8d 18 01 00 00 e8
0x00007fff750769d7:   c6 c3 ff ff 33 d2 33 c9 e8 3c e1 ff ff 90 48 89
0x00007fff750769e7:   54 24 10 55 48 83 ec 20 48 8b ea 48 b8 00 00 00
0x00007fff750769f7:   00 00 00 00 00 48 83 c4 20 5d c3 cc 40 55 48 8b
0x00007fff75076a07:   ea 48 8b 01 33 c9 81 38 05 00 00 c0 0f 94 c1 8b
0x00007fff75076a17:   c1 5d c3 cc 40 55 48 83 ec 20 48 8b ea 8a 4d 40
0x00007fff75076a27:   48 83 c4 20 5d e9 f7 d2 ff ff cc 40 55 48 83 ec
0x00007fff75076a37:   20 48 8b ea 8a 4d 20 e8 e5 d2 ff ff 90 48 83 c4
0x00007fff75076a47:   20 5d c3 cc 40 55 48 83 ec 20 48 8b ea 48 83 c4
0x00007fff75076a57:   20 5d e9 46 d1 ff ff cc 40 55 48 83 ec 30 48 8b
0x00007fff75076a67:   ea 48 8b 01 8b 10 48 89 4c 24 28 89 54 24 20 4c
0x00007fff75076a77:   8d 0d e7 d5 ff ff 4c 8b 45 70 8b 55 68 48 8b 4d
0x00007fff75076a87:   60 e8 87 d0 ff ff 90 48 83 c4 30 5d c3 cc cc cc
0x00007fff75076a97:   cc cc cc cc cc cc cc cc cc 40 53 48 83 ec 20 48
0x00007fff75076aa7:   8b 1d 83 30 01 00 48 85 db 74 16 e8 09 8b ff ff
0x00007fff75076ab7:   4c 8b 00 48 8b d3 48 8b c8 41 ff 90 b0 00 00 00
0x00007fff75076ac7:   90 48 83 c4 20 5b c3 cc cc 40 53 48 83 ec 20 48
0x00007fff75076ad7:   8b 1d fb 31 01 00 48 85 db 74 57 b8 ff ff ff ff
0x00007fff75076ae7:   f0 0f c1 43 10 83 f8 01 75 3d 48 85 db 74 38 48
0x00007fff75076af7:   8b 0b 48 85 c9 74 0d ff 15 a4 07 00 00 48 c7 03
0x00007fff75076b07:   00 00 00 00 48 8b 4b 08 48 85 c9 74 0d e8 a7 cd
0x00007fff75076b17:   ff ff 48 c7 43 08 00 00 00 00 ba 18 00 00 00 48
0x00007fff75076b27:   8b cb e8 92 cd ff ff 48 c7 05 9f 31 01 00 00 00
0x00007fff75076b37:   00 00 48 83 c4 20 5b c3 cc 40 53 48 83 ec 20 48
0x00007fff75076b47:   8b 1d 6b 31 01 00 48 85 db 74 57 b8 ff ff ff ff
0x00007fff75076b57:   f0 0f c1 43 10 83 f8 01 75 3d 48 85 db 74 38 48
0x00007fff75076b67:   8b 0b 48 85 c9 74 0d ff 15 34 07 00 00 48 c7 03
0x00007fff75076b77:   00 00 00 00 48 8b 4b 08 48 85 c9 74 0d e8 37 cd
0x00007fff75076b87:   ff ff 48 c7 43 08 00 00 00 00 ba 18 00 00 00 48
0x00007fff75076b97:   8b cb e8 22 cd ff ff 48 c7 05 0f 31 01 00 00 00
0x00007fff75076ba7:   00 00 48 83 c4 20 5b c3 cc 40 53 48 83 ec 20 48 


Stack slot to memory mapping:
stack at sp + 0 slots: 0x0 is NULL
stack at sp + 1 slots: 0x0000009b658fee28 points into unknown readable memory: 0x0000009b658fee10 | 10 ee 8f 65 9b 00 00 00
stack at sp + 2 slots: 0x00007ffebca7ef30 jvm.dll::LogTagSetMapping<158,0,0,0,0,0>::_tagset + 0x0
stack at sp + 3 slots: 0x00007fff75074384 glass.dll
stack at sp + 4 slots: 0x0000023c84880ad8 points into unknown readable memory: 0x0000712025d68060 | 60 80 d6 25 20 71 00 00
stack at sp + 5 slots: 0x00007fff93a63a53 ucrtbase.dll
stack at sp + 6 slots: 0x0000023c84880ad0 points into unknown readable memory: 0x75074fbc25d6ff9f | 9f ff d6 25 bc 4f 07 75
stack at sp + 7 slots: 0x0000023c00000000 is an unknown value

VM_Operation (0x0000009b664ff2b0): Exit, mode: safepoint, requested by thread 0x0000023c9630bac0


---------------  P R O C E S S  ---------------

Threads class SMR info:
_java_thread_list=0x0000023c96d15980, length=24, elements={
0x0000023cdda81470, 0x0000023cfe7a4eb0, 0x0000023cfe7a5c40, 0x0000023cfe7dad50,
0x0000023cfe7db720, 0x0000023cfe7dbff0, 0x0000023cfe81b920, 0x0000023cfe81c230,
0x0000023cfe81cb40, 0x0000023cfe97e540, 0x0000023cff328f00, 0x0000023cff4093b0,
0x0000023c843c0aa0, 0x0000023c849bcbe0, 0x0000023c849bd0c0, 0x0000023c84c93c60,
0x0000023c84ccd010, 0x0000023c8d0252e0, 0x0000023c8e56f220, 0x0000023c8e56ed10,
0x0000023c9630a170, 0x0000023c963078f0, 0x0000023c9630c4e0, 0x0000023c9630bac0
}

Java Threads: ( => current thread )
  0x0000023cdda81470 JavaThread "main" [_thread_blocked, id=70672, stack(0x0000009b65200000,0x0000009b65300000)]
  0x0000023cfe7a4eb0 JavaThread "Reference Handler" daemon [_thread_blocked, id=55964, stack(0x0000009b65900000,0x0000009b65a00000)]
  0x0000023cfe7a5c40 JavaThread "Finalizer" daemon [_thread_blocked, id=65928, stack(0x0000009b65a00000,0x0000009b65b00000)]
  0x0000023cfe7dad50 JavaThread "Attach Listener" daemon [_thread_blocked, id=73620, stack(0x0000009b65c00000,0x0000009b65d00000)]
  0x0000023cfe7db720 JavaThread "Service Thread" daemon [_thread_blocked, id=72792, stack(0x0000009b65d00000,0x0000009b65e00000)]
  0x0000023cfe7dbff0 JavaThread "Monitor Deflation Thread" daemon [_thread_blocked, id=71908, stack(0x0000009b65e00000,0x0000009b65f00000)]
  0x0000023cfe81b920 JavaThread "C2 CompilerThread0" daemon [_thread_blocked, id=51920, stack(0x0000009b65f00000,0x0000009b66000000)]
  0x0000023cfe81c230 JavaThread "C1 CompilerThread0" daemon [_thread_blocked, id=50700, stack(0x0000009b66000000,0x0000009b66100000)]
  0x0000023cfe81cb40 JavaThread "Sweeper thread" daemon [_thread_blocked, id=74520, stack(0x0000009b66100000,0x0000009b66200000)]
  0x0000023cfe97e540 JavaThread "Common-Cleaner" daemon [_thread_blocked, id=66796, stack(0x0000009b66300000,0x0000009b66400000)]
  0x0000023cff328f00 JavaThread "JDWP Event Helper Thread" daemon [_thread_blocked, id=41684, stack(0x0000009b66e00000,0x0000009b66f00000)]
  0x0000023cff4093b0 JavaThread "Notification Thread" daemon [_thread_blocked, id=73276, stack(0x0000009b67000000,0x0000009b67100000)]
  0x0000023c843c0aa0 JavaThread "QuantumRenderer-0" daemon [_thread_blocked, id=66692, stack(0x0000009b67200000,0x0000009b67300000)]
  0x0000023c849bcbe0 JavaThread "InvokeLaterDispatcher" daemon [_thread_blocked, id=74284, stack(0x0000009b67700000,0x0000009b67800000)]
  0x0000023c849bd0c0 JavaThread "JavaFX Application Thread" [_thread_blocked, id=48488, stack(0x0000009b66c00000,0x0000009b66d00000)]
  0x0000023c84c93c60 JavaThread "JavaFX-Launcher" [_thread_blocked, id=71356, stack(0x0000009b66a00000,0x0000009b66b00000)]
  0x0000023c84ccd010 JavaThread "Thread-2" daemon [_thread_in_native, id=56272, stack(0x0000009b68300000,0x0000009b68400000)]
  0x0000023c8d0252e0 JavaThread "Prism Font Disposer" daemon [_thread_blocked, id=67756, stack(0x0000009b69500000,0x0000009b69600000)]
  0x0000023c8e56f220 JavaThread "Cleaner-0" daemon [_thread_blocked, id=2564, stack(0x0000009b69600000,0x0000009b69700000)]
  0x0000023c8e56ed10 JavaThread "HttpClient-1-SelectorManager" daemon [_thread_in_native, id=47152, stack(0x0000009b69900000,0x0000009b69a00000)]
  0x0000023c9630a170 JavaThread "HttpClient-7-SelectorManager" daemon [_thread_in_native, id=11548, stack(0x0000009b64f00000,0x0000009b65000000)]
  0x0000023c963078f0 JavaThread "HttpClient-7-Worker-0" daemon [_thread_blocked, id=72388, stack(0x0000009b65000000,0x0000009b65100000)]
  0x0000023c9630c4e0 JavaThread "HttpClient-7-Worker-1" daemon [_thread_blocked, id=62096, stack(0x0000009b65100000,0x0000009b65200000)]
  0x0000023c9630bac0 JavaThread "SIGINT handler" daemon [_thread_blocked, id=33968, stack(0x0000009b66400000,0x0000009b66500000)]

Other Threads:
=>0x0000023cfd8feba0 VMThread "VM Thread" [stack: 0x0000009b65800000,0x0000009b65900000] [id=74356]
  0x0000023cddaf02d0 GCTaskThread "GC Thread#0" [stack: 0x0000009b65300000,0x0000009b65400000] [id=73332]
  0x0000023c849bb9e0 GCTaskThread "GC Thread#1" [stack: 0x0000009b67800000,0x0000009b67900000] [id=25888]
  0x0000023c849bd9a0 GCTaskThread "GC Thread#2" [stack: 0x0000009b67900000,0x0000009b67a00000] [id=56580]
  0x0000023c849bdc60 GCTaskThread "GC Thread#3" [stack: 0x0000009b67a00000,0x0000009b67b00000] [id=61128]
  0x0000023c849bdf20 GCTaskThread "GC Thread#4" [stack: 0x0000009b67b00000,0x0000009b67c00000] [id=16988]
  0x0000023c84a56cb0 GCTaskThread "GC Thread#5" [stack: 0x0000009b67c00000,0x0000009b67d00000] [id=71748]
  0x0000023c84a56f70 GCTaskThread "GC Thread#6" [stack: 0x0000009b67d00000,0x0000009b67e00000] [id=67480]
  0x0000023c84a57230 GCTaskThread "GC Thread#7" [stack: 0x0000009b67e00000,0x0000009b67f00000] [id=34300]
  0x0000023c84a561b0 GCTaskThread "GC Thread#8" [stack: 0x0000009b67f00000,0x0000009b68000000] [id=73688]
  0x0000023c84a56470 GCTaskThread "GC Thread#9" [stack: 0x0000009b68000000,0x0000009b68100000] [id=69536]
  0x0000023c84a55970 GCTaskThread "GC Thread#10" [stack: 0x0000009b68100000,0x0000009b68200000] [id=19580]
  0x0000023c84a55c30 GCTaskThread "GC Thread#11" [stack: 0x0000009b68600000,0x0000009b68700000] [id=9148]
  0x0000023c84a55ef0 GCTaskThread "GC Thread#12" [stack: 0x0000009b68700000,0x0000009b68800000] [id=23940]
  0x0000023c84a556b0 GCTaskThread "GC Thread#13" [stack: 0x0000009b68800000,0x0000009b68900000] [id=65920]
  0x0000023c84a569f0 GCTaskThread "GC Thread#14" [stack: 0x0000009b68900000,0x0000009b68a00000] [id=50292]
  0x0000023c8cce6a90 GCTaskThread "GC Thread#15" [stack: 0x0000009b68a00000,0x0000009b68b00000] [id=74476]
  0x0000023c8cce5f90 GCTaskThread "GC Thread#16" [stack: 0x0000009b68b00000,0x0000009b68c00000] [id=51424]
  0x0000023c8cce46d0 GCTaskThread "GC Thread#17" [stack: 0x0000009b68c00000,0x0000009b68d00000] [id=69568]
  0x0000023c8cce6250 GCTaskThread "GC Thread#18" [stack: 0x0000009b68d00000,0x0000009b68e00000] [id=19452]
  0x0000023c8cce72d0 GCTaskThread "GC Thread#19" [stack: 0x0000009b66800000,0x0000009b66900000] [id=74188]
  0x0000023c8cce5a10 GCTaskThread "GC Thread#20" [stack: 0x0000009b66900000,0x0000009b66a00000] [id=71696]
  0x0000023c8cce7850 GCTaskThread "GC Thread#21" [stack: 0x0000009b69700000,0x0000009b69800000] [id=71860]
  0x0000023c8cce4410 GCTaskThread "GC Thread#22" [stack: 0x0000009b69800000,0x0000009b69900000] [id=33828]
  0x0000023cdda9f090 ConcurrentGCThread "G1 Main Marker" terminated
  0x0000023cddb01440 ConcurrentGCThread "G1 Conc#0" [stack: 0x0000009b65500000,0x0000009b65600000] [id=33120]
  0x0000023c8cce3e90 ConcurrentGCThread "G1 Conc#1" [stack: 0x0000009b68f00000,0x0000009b69000000] [id=69776]
  0x0000023c8cce7590 ConcurrentGCThread "G1 Conc#2" [stack: 0x0000009b69100000,0x0000009b69200000] [id=23956]
  0x0000023c8cce5750 ConcurrentGCThread "G1 Conc#3" [stack: 0x0000009b69200000,0x0000009b69300000] [id=70156]
  0x0000023c8cce4150 ConcurrentGCThread "G1 Conc#4" [stack: 0x0000009b69300000,0x0000009b69400000] [id=45280]
  0x0000023c8cce7b10 ConcurrentGCThread "G1 Conc#5" [stack: 0x0000009b69400000,0x0000009b69500000] [id=71104]
  0x0000023cfd817c00 ConcurrentGCThread "G1 Refine#0" terminated
  0x0000023c95f895e0 ConcurrentGCThread "G1 Refine#1" terminated
  0x0000023cfd818540 ConcurrentGCThread "G1 Service" terminated

Threads with active compile tasks:

VM state: at safepoint (shutting down)

VM Mutex/Monitor currently owned by a thread:  ([mutex/lock_event])
[0x0000023cdb6c24a0] Threads_lock - owner thread: 0x0000023cfd8feba0
[0x0000023cdb6c1f00] Heap_lock - owner thread: 0x0000023c9630bac0

Heap address: 0x0000000704000000, size: 4032 MB, Compressed Oops mode: Zero based, Oop shift amount: 3

CDS archive(s) not mapped
Compressed class space mapped at: 0x0000000800000000-0x0000000840000000, reserved size: 1073741824
Narrow klass base: 0x0000000800000000, Narrow klass shift: 0, Narrow klass range: 0x40000000

GC Precious Log:
 CPUs: 32 total, 32 available
 Memory: 16123M
 Large Page Support: Disabled
 NUMA Support: Disabled
 Compressed Oops: Enabled (Zero based)
 Heap Region Size: 2M
 Heap Min Capacity: 8M
 Heap Initial Capacity: 252M
 Heap Max Capacity: 4032M
 Pre-touch: Disabled
 Parallel Workers: 23
 Concurrent Workers: 6
 Concurrent Refinement Workers: 23
 Periodic GC: Disabled

Heap:
 garbage-first heap   total 149504K, used 58315K [0x0000000704000000, 0x0000000800000000)
  region size 2048K, 21 young (43008K), 1 survivors (2048K)
 Metaspace       used 38785K, committed 39040K, reserved 1114112K
  class space    used 4983K, committed 5120K, reserved 1048576K

Heap Regions: E=young(eden), S=young(survivor), O=old, HS=humongous(starts), HC=humongous(continues), CS=collection set, F=free, OA=open archive, CA=closed archive, TAMS=top-at-mark-start (previous, next)
|   0|0x0000000704000000, 0x0000000704200000, 0x0000000704200000|100%|HS|  |TAMS 0x0000000704200000, 0x0000000704000000| Complete 
|   1|0x0000000704200000, 0x0000000704400000, 0x0000000704400000|100%| O|  |TAMS 0x0000000704200000, 0x0000000704200000| Untracked 
|   2|0x0000000704400000, 0x0000000704600000, 0x0000000704600000|100%| O|  |TAMS 0x0000000704400000, 0x0000000704400000| Untracked 
|   3|0x0000000704600000, 0x0000000704800000, 0x0000000704800000|100%| O|  |TAMS 0x0000000704600000, 0x0000000704600000| Untracked 
|   4|0x0000000704800000, 0x0000000704a00000, 0x0000000704a00000|100%| O|  |TAMS 0x0000000704800000, 0x0000000704800000| Untracked 
|   5|0x0000000704a00000, 0x0000000704a3fe00, 0x0000000704c00000| 12%| O|  |TAMS 0x0000000704a00000, 0x0000000704a00000| Untracked 
|   6|0x0000000704c00000, 0x0000000704c00000, 0x0000000704e00000|  0%| F|  |TAMS 0x0000000704c00000, 0x0000000704c00000| Untracked 
|   7|0x0000000704e00000, 0x0000000704e00000, 0x0000000705000000|  0%| F|  |TAMS 0x0000000704e00000, 0x0000000704e00000| Untracked 
|   8|0x0000000705000000, 0x0000000705200000, 0x0000000705200000|100%| O|  |TAMS 0x0000000705200000, 0x0000000705000000| Untracked 
|   9|0x0000000705200000, 0x0000000705400000, 0x0000000705400000|100%| O|  |TAMS 0x0000000705400000, 0x0000000705200000| Untracked 
|  10|0x0000000705400000, 0x0000000705600000, 0x0000000705600000|100%| O|  |TAMS 0x0000000705600000, 0x0000000705400000| Untracked 
|  11|0x0000000705600000, 0x0000000705800000, 0x0000000705800000|100%| O|  |TAMS 0x00000007057b4400, 0x0000000705600000| Untracked 
|  12|0x0000000705800000, 0x0000000705800000, 0x0000000705a00000|  0%| F|  |TAMS 0x0000000705800000, 0x0000000705800000| Untracked 
|  13|0x0000000705a00000, 0x0000000705a00000, 0x0000000705c00000|  0%| F|  |TAMS 0x0000000705a00000, 0x0000000705a00000| Untracked 
|  14|0x0000000705c00000, 0x0000000705c00000, 0x0000000705e00000|  0%| F|  |TAMS 0x0000000705c00000, 0x0000000705c00000| Untracked 
|  15|0x0000000705e00000, 0x0000000705e00000, 0x0000000706000000|  0%| F|  |TAMS 0x0000000705e00000, 0x0000000705e00000| Untracked 
|  16|0x0000000706000000, 0x0000000706000000, 0x0000000706200000|  0%| F|  |TAMS 0x0000000706000000, 0x0000000706000000| Untracked 
|  17|0x0000000706200000, 0x0000000706200000, 0x0000000706400000|  0%| F|  |TAMS 0x0000000706200000, 0x0000000706200000| Untracked 
|  18|0x0000000706400000, 0x0000000706400000, 0x0000000706600000|  0%| F|  |TAMS 0x0000000706400000, 0x0000000706400000| Untracked 
|  19|0x0000000706600000, 0x0000000706600000, 0x0000000706800000|  0%| F|  |TAMS 0x0000000706600000, 0x0000000706600000| Untracked 
|  20|0x0000000706800000, 0x0000000706800000, 0x0000000706a00000|  0%| F|  |TAMS 0x0000000706800000, 0x0000000706800000| Untracked 
|  21|0x0000000706a00000, 0x0000000706a00000, 0x0000000706c00000|  0%| F|  |TAMS 0x0000000706a00000, 0x0000000706a00000| Untracked 
|  22|0x0000000706c00000, 0x0000000706c00000, 0x0000000706e00000|  0%| F|  |TAMS 0x0000000706c00000, 0x0000000706c00000| Untracked 
|  23|0x0000000706e00000, 0x0000000706e00000, 0x0000000707000000|  0%| F|  |TAMS 0x0000000706e00000, 0x0000000706e00000| Untracked 
|  24|0x0000000707000000, 0x0000000707000000, 0x0000000707200000|  0%| F|  |TAMS 0x0000000707000000, 0x0000000707000000| Untracked 
|  25|0x0000000707200000, 0x0000000707200000, 0x0000000707400000|  0%| F|  |TAMS 0x0000000707200000, 0x0000000707200000| Untracked 
|  26|0x0000000707400000, 0x0000000707400000, 0x0000000707600000|  0%| F|  |TAMS 0x0000000707400000, 0x0000000707400000| Untracked 
|  27|0x0000000707600000, 0x0000000707600000, 0x0000000707800000|  0%| F|  |TAMS 0x0000000707600000, 0x0000000707600000| Untracked 
|  28|0x0000000707800000, 0x0000000707800000, 0x0000000707a00000|  0%| F|  |TAMS 0x0000000707800000, 0x0000000707800000| Untracked 
|  29|0x0000000707a00000, 0x0000000707a00000, 0x0000000707c00000|  0%| F|  |TAMS 0x0000000707a00000, 0x0000000707a00000| Untracked 
|  30|0x0000000707c00000, 0x0000000707c00000, 0x0000000707e00000|  0%| F|  |TAMS 0x0000000707c00000, 0x0000000707c00000| Untracked 
|  31|0x0000000707e00000, 0x0000000707e00000, 0x0000000708000000|  0%| F|  |TAMS 0x0000000707e00000, 0x0000000707e00000| Untracked 
|  32|0x0000000708000000, 0x0000000708000000, 0x0000000708200000|  0%| F|  |TAMS 0x0000000708000000, 0x0000000708000000| Untracked 
|  33|0x0000000708200000, 0x0000000708200000, 0x0000000708400000|  0%| F|  |TAMS 0x0000000708200000, 0x0000000708200000| Untracked 
|  34|0x0000000708400000, 0x0000000708400000, 0x0000000708600000|  0%| F|  |TAMS 0x0000000708400000, 0x0000000708400000| Untracked 
|  35|0x0000000708600000, 0x0000000708600000, 0x0000000708800000|  0%| F|  |TAMS 0x0000000708600000, 0x0000000708600000| Untracked 
|  36|0x0000000708800000, 0x0000000708800000, 0x0000000708a00000|  0%| F|  |TAMS 0x0000000708800000, 0x0000000708800000| Untracked 
|  37|0x0000000708a00000, 0x0000000708a00000, 0x0000000708c00000|  0%| F|  |TAMS 0x0000000708a00000, 0x0000000708a00000| Untracked 
|  38|0x0000000708c00000, 0x0000000708c00000, 0x0000000708e00000|  0%| F|  |TAMS 0x0000000708c00000, 0x0000000708c00000| Untracked 
|  39|0x0000000708e00000, 0x0000000708e00000, 0x0000000709000000|  0%| F|  |TAMS 0x0000000708e00000, 0x0000000708e00000| Untracked 
|  40|0x0000000709000000, 0x0000000709000000, 0x0000000709200000|  0%| F|  |TAMS 0x0000000709000000, 0x0000000709000000| Untracked 
|  41|0x0000000709200000, 0x0000000709200000, 0x0000000709400000|  0%| F|  |TAMS 0x0000000709200000, 0x0000000709200000| Untracked 
|  42|0x0000000709400000, 0x0000000709400000, 0x0000000709600000|  0%| F|  |TAMS 0x0000000709400000, 0x0000000709400000| Untracked 
|  43|0x0000000709600000, 0x0000000709600000, 0x0000000709800000|  0%| F|  |TAMS 0x0000000709600000, 0x0000000709600000| Untracked 
|  44|0x0000000709800000, 0x0000000709800000, 0x0000000709a00000|  0%| F|  |TAMS 0x0000000709800000, 0x0000000709800000| Untracked 
|  45|0x0000000709a00000, 0x0000000709a00000, 0x0000000709c00000|  0%| F|  |TAMS 0x0000000709a00000, 0x0000000709a00000| Untracked 
|  46|0x0000000709c00000, 0x0000000709c00000, 0x0000000709e00000|  0%| F|  |TAMS 0x0000000709c00000, 0x0000000709c00000| Untracked 
|  47|0x0000000709e00000, 0x0000000709e00000, 0x000000070a000000|  0%| F|  |TAMS 0x0000000709e00000, 0x0000000709e00000| Untracked 
|  48|0x000000070a000000, 0x000000070a000000, 0x000000070a200000|  0%| F|  |TAMS 0x000000070a000000, 0x000000070a000000| Untracked 
|  49|0x000000070a200000, 0x000000070a200000, 0x000000070a400000|  0%| F|  |TAMS 0x000000070a200000, 0x000000070a200000| Untracked 
|  50|0x000000070a400000, 0x000000070a400000, 0x000000070a600000|  0%| F|  |TAMS 0x000000070a400000, 0x000000070a400000| Untracked 
|  51|0x000000070a600000, 0x000000070a600000, 0x000000070a800000|  0%| F|  |TAMS 0x000000070a600000, 0x000000070a600000| Untracked 
|  52|0x000000070a800000, 0x000000070a860170, 0x000000070aa00000| 18%| E|  |TAMS 0x000000070a800000, 0x000000070a800000| Complete 
|  53|0x000000070aa00000, 0x000000070ac00000, 0x000000070ac00000|100%| E|CS|TAMS 0x000000070aa00000, 0x000000070aa00000| Complete 
|  54|0x000000070ac00000, 0x000000070ae00000, 0x000000070ae00000|100%| E|CS|TAMS 0x000000070ac00000, 0x000000070ac00000| Complete 
|  55|0x000000070ae00000, 0x000000070b000000, 0x000000070b000000|100%| E|CS|TAMS 0x000000070ae00000, 0x000000070ae00000| Complete 
|  56|0x000000070b000000, 0x000000070b200000, 0x000000070b200000|100%| E|CS|TAMS 0x000000070b000000, 0x000000070b000000| Complete 
|  57|0x000000070b200000, 0x000000070b400000, 0x000000070b400000|100%| E|CS|TAMS 0x000000070b200000, 0x000000070b200000| Complete 
|  58|0x000000070b400000, 0x000000070b600000, 0x000000070b600000|100%| E|CS|TAMS 0x000000070b400000, 0x000000070b400000| Complete 
|  59|0x000000070b600000, 0x000000070b800000, 0x000000070b800000|100%| E|CS|TAMS 0x000000070b600000, 0x000000070b600000| Complete 
|  60|0x000000070b800000, 0x000000070ba00000, 0x000000070ba00000|100%| E|CS|TAMS 0x000000070b800000, 0x000000070b800000| Complete 
|  61|0x000000070ba00000, 0x000000070bc00000, 0x000000070bc00000|100%| E|CS|TAMS 0x000000070ba00000, 0x000000070ba00000| Complete 
|  62|0x000000070bc00000, 0x000000070be00000, 0x000000070be00000|100%| E|CS|TAMS 0x000000070bc00000, 0x000000070bc00000| Complete 
|  63|0x000000070be00000, 0x000000070c000000, 0x000000070c000000|100%| E|CS|TAMS 0x000000070be00000, 0x000000070be00000| Complete 
|  64|0x000000070c000000, 0x000000070c200000, 0x000000070c200000|100%| E|CS|TAMS 0x000000070c000000, 0x000000070c000000| Complete 
|  65|0x000000070c200000, 0x000000070c400000, 0x000000070c400000|100%| E|CS|TAMS 0x000000070c200000, 0x000000070c200000| Complete 
|  66|0x000000070c400000, 0x000000070c600000, 0x000000070c600000|100%| E|CS|TAMS 0x000000070c400000, 0x000000070c400000| Complete 
|  67|0x000000070c600000, 0x000000070c800000, 0x000000070c800000|100%| E|CS|TAMS 0x000000070c600000, 0x000000070c600000| Complete 
| 119|0x0000000712e00000, 0x0000000713000000, 0x0000000713000000|100%| E|CS|TAMS 0x0000000712e00000, 0x0000000712e00000| Complete 
| 120|0x0000000713000000, 0x0000000713200000, 0x0000000713200000|100%| E|CS|TAMS 0x0000000713000000, 0x0000000713000000| Complete 
| 121|0x0000000713200000, 0x0000000713400000, 0x0000000713400000|100%| E|CS|TAMS 0x0000000713200000, 0x0000000713200000| Complete 
| 122|0x0000000713400000, 0x00000007134b2f80, 0x0000000713600000| 34%| S|CS|TAMS 0x0000000713400000, 0x0000000713400000| Complete 
| 125|0x0000000713a00000, 0x0000000713c00000, 0x0000000713c00000|100%| E|CS|TAMS 0x0000000713a00000, 0x0000000713a00000| Complete 

Card table byte_map: [0x0000023cf1d40000,0x0000023cf2520000] _byte_map_base: 0x0000023cee520000

Marking Bits (Prev, Next): (CMBitMap*) 0x0000023cddaf0800, (CMBitMap*) 0x0000023cddaf0840
 Prev Bits: [0x0000023cf2d00000, 0x0000023cf6c00000)
 Next Bits: [0x0000023cf6c00000, 0x0000023cfab00000)

Polling page: 0x0000023cdd230000

Metaspace:

Usage:
  Non-class:     33.01 MB used.
      Class:      4.87 MB used.
       Both:     37.88 MB used.

Virtual space:
  Non-class space:       64.00 MB reserved,      33.12 MB ( 52%) committed,  1 nodes.
      Class space:        1.00 GB reserved,       5.00 MB ( <1%) committed,  1 nodes.
             Both:        1.06 GB reserved,      38.12 MB (  4%) committed. 

Chunk freelists:
   Non-Class:  14.07 MB
       Class:  10.83 MB
        Both:  24.90 MB

MaxMetaspaceSize: unlimited
CompressedClassSpaceSize: 1.00 GB
Initial GC threshold: 21.00 MB
Current GC threshold: 58.69 MB
CDS: off
MetaspaceReclaimPolicy: balanced
 - commit_granule_bytes: 65536.
 - commit_granule_words: 8192.
 - virtual_space_node_default_size: 8388608.
 - enlarge_chunks_in_place: 1.
 - new_chunks_are_fully_committed: 0.
 - uncommit_free_chunks: 1.
 - use_allocation_guard: 0.
 - handle_deallocations: 1.


Internal statistics:

num_allocs_failed_limit: 6.
num_arena_births: 338.
num_arena_deaths: 0.
num_vsnodes_births: 2.
num_vsnodes_deaths: 0.
num_space_committed: 610.
num_space_uncommitted: 0.
num_chunks_returned_to_freelist: 6.
num_chunks_taken_from_freelist: 1271.
num_chunk_merges: 6.
num_chunk_splits: 859.
num_chunks_enlarged: 636.
num_inconsistent_stats: 0.

CodeHeap 'non-profiled nmethods': size=118848Kb used=3206Kb max_used=3206Kb free=115641Kb
 bounds [0x0000023ce8e30000, 0x0000023ce9160000, 0x0000023cf0240000]
CodeHeap 'profiled nmethods': size=118848Kb used=13250Kb max_used=13250Kb free=105597Kb
 bounds [0x0000023ce1240000, 0x0000023ce1f40000, 0x0000023ce8650000]
CodeHeap 'non-nmethods': size=8064Kb used=1568Kb max_used=3907Kb free=6495Kb
 bounds [0x0000023ce8650000, 0x0000023ce8a30000, 0x0000023ce8e30000]
 total_blobs=6729 nmethods=5852 adapters=789
 compilation: enabled
              stopped_count=0, restarted_count=0
 full_count=0

Compilation events (20 events):
Event: 47.521 Thread 0x0000023cfe81c230 5852       3       java.lang.Math::min (12 bytes)
Event: 47.522 Thread 0x0000023cfe81c230 nmethod 5852 0x0000023ce1f2cb90 code [0x0000023ce1f2cd20, 0x0000023ce1f2ce58]
Event: 131.439 Thread 0x0000023cfe81b920 5853       4       com.sun.javafx.tk.quantum.QuantumToolkit::postPulse (133 bytes)
Event: 131.446 Thread 0x0000023cfe81b920 nmethod 5853 0x0000023ce914f110 code [0x0000023ce914f300, 0x0000023ce914fb60]
Event: 131.446 Thread 0x0000023cfe81b920 5854       4       com.sun.javafx.tk.quantum.QuantumToolkit$$Lambda$101/0x000000080011a408::run (8 bytes)
Event: 131.450 Thread 0x0000023cfe81c230 5855       1       java.net.http.HttpHeaders::map (5 bytes)
Event: 131.450 Thread 0x0000023cfe81c230 nmethod 5855 0x0000023ce9150190 code [0x0000023ce9150320, 0x0000023ce91503f8]
Event: 131.451 Thread 0x0000023cfe81c230 5857       3       java.util.concurrent.ForkJoinTask::<init> (5 bytes)
Event: 131.451 Thread 0x0000023cfe81c230 nmethod 5857 0x0000023ce1f2cf10 code [0x0000023ce1f2d0a0, 0x0000023ce1f2d1f8]
Event: 131.451 Thread 0x0000023cfe81c230 5856       3       java.nio.channels.spi.AbstractSelector::isOpen (13 bytes)
Event: 131.451 Thread 0x0000023cfe81c230 nmethod 5856 0x0000023ce1f2d290 code [0x0000023ce1f2d420, 0x0000023ce1f2d598]
Event: 131.452 Thread 0x0000023cfe81b920 nmethod 5854 0x0000023ce9150490 code [0x0000023ce91506a0, 0x0000023ce9151030]
Event: 131.467 Thread 0x0000023cfe81c230 5858       3       java.security.AccessControlContext::optimize (319 bytes)
Event: 131.469 Thread 0x0000023cfe81c230 nmethod 5858 0x0000023ce1f2d610 code [0x0000023ce1f2d980, 0x0000023ce1f2f078]
Event: 131.469 Thread 0x0000023cfe81c230 5860       3       java.util.concurrent.atomic.AtomicInteger::compareAndSet (13 bytes)
Event: 131.470 Thread 0x0000023cfe81c230 nmethod 5860 0x0000023ce1f2f710 code [0x0000023ce1f2f8a0, 0x0000023ce1f2f9d8]
Event: 131.470 Thread 0x0000023cfe81c230 5861       3       java.lang.invoke.MethodType::equals (56 bytes)
Event: 131.470 Thread 0x0000023cfe81c230 nmethod 5861 0x0000023ce1f2fa90 code [0x0000023ce1f2fcc0, 0x0000023ce1f30898]
Event: 131.470 Thread 0x0000023cfe81c230 5859       1       java.util.logging.Logger::getName (5 bytes)
Event: 131.470 Thread 0x0000023cfe81c230 nmethod 5859 0x0000023ce9151790 code [0x0000023ce9151920, 0x0000023ce91519f8]

GC Heap History (20 events):
Event: 0.465 GC heap before
{Heap before GC invocations=0 (full 0):
 garbage-first heap   total 258048K, used 20480K [0x0000000704000000, 0x0000000800000000)
  region size 2048K, 11 young (22528K), 0 survivors (0K)
 Metaspace       used 10810K, committed 11008K, reserved 1114112K
  class space    used 1034K, committed 1152K, reserved 1048576K
}
Event: 0.467 GC heap after
{Heap after GC invocations=1 (full 0):
 garbage-first heap   total 258048K, used 2349K [0x0000000704000000, 0x0000000800000000)
  region size 2048K, 2 young (4096K), 2 survivors (4096K)
 Metaspace       used 10810K, committed 11008K, reserved 1114112K
  class space    used 1034K, committed 1152K, reserved 1048576K
}
Event: 0.792 GC heap before
{Heap before GC invocations=1 (full 0):
 garbage-first heap   total 258048K, used 39213K [0x0000000704000000, 0x0000000800000000)
  region size 2048K, 20 young (40960K), 2 survivors (4096K)
 Metaspace       used 19947K, committed 20096K, reserved 1114112K
  class space    used 2376K, committed 2432K, reserved 1048576K
}
Event: 0.795 GC heap after
{Heap after GC invocations=2 (full 0):
 garbage-first heap   total 258048K, used 7116K [0x0000000704000000, 0x0000000800000000)
  region size 2048K, 3 young (6144K), 3 survivors (6144K)
 Metaspace       used 19947K, committed 20096K, reserved 1114112K
  class space    used 2376K, committed 2432K, reserved 1048576K
}
Event: 0.915 GC heap before
{Heap before GC invocations=2 (full 0):
 garbage-first heap   total 258048K, used 11212K [0x0000000704000000, 0x0000000800000000)
  region size 2048K, 6 young (12288K), 3 survivors (6144K)
 Metaspace       used 21395K, committed 21504K, reserved 1114112K
  class space    used 2512K, committed 2560K, reserved 1048576K
}
Event: 0.917 GC heap after
{Heap after GC invocations=3 (full 0):
 garbage-first heap   total 258048K, used 7774K [0x0000000704000000, 0x0000000800000000)
  region size 2048K, 4 young (8192K), 4 survivors (8192K)
 Metaspace       used 21395K, committed 21504K, reserved 1114112K
  class space    used 2512K, committed 2560K, reserved 1048576K
}
Event: 1.092 GC heap before
{Heap before GC invocations=4 (full 0):
 garbage-first heap   total 40960K, used 26206K [0x0000000704000000, 0x0000000800000000)
  region size 2048K, 13 young (26624K), 4 survivors (8192K)
 Metaspace       used 24679K, committed 24960K, reserved 1114112K
  class space    used 3151K, committed 3264K, reserved 1048576K
}
Event: 1.095 GC heap after
{Heap after GC invocations=5 (full 0):
 garbage-first heap   total 40960K, used 12181K [0x0000000704000000, 0x0000000800000000)
  region size 2048K, 5 young (10240K), 5 survivors (10240K)
 Metaspace       used 24679K, committed 24960K, reserved 1114112K
  class space    used 3151K, committed 3264K, reserved 1048576K
}
Event: 3.120 GC heap before
{Heap before GC invocations=5 (full 0):
 garbage-first heap   total 40960K, used 12181K [0x0000000704000000, 0x0000000800000000)
  region size 2048K, 6 young (12288K), 5 survivors (10240K)
 Metaspace       used 25079K, committed 25280K, reserved 1114112K
  class space    used 3181K, committed 3264K, reserved 1048576K
}
Event: 3.127 GC heap after
{Heap after GC invocations=6 (full 0):
 garbage-first heap   total 40960K, used 12698K [0x0000000704000000, 0x0000000800000000)
  region size 2048K, 1 young (2048K), 1 survivors (2048K)
 Metaspace       used 25079K, committed 25280K, reserved 1114112K
  class space    used 3181K, committed 3264K, reserved 1048576K
}
Event: 3.270 GC heap before
{Heap before GC invocations=6 (full 0):
 garbage-first heap   total 40960K, used 24986K [0x0000000704000000, 0x0000000800000000)
  region size 2048K, 8 young (16384K), 1 survivors (2048K)
 Metaspace       used 29973K, committed 30208K, reserved 1114112K
  class space    used 3728K, committed 3840K, reserved 1048576K
}
Event: 3.271 GC heap after
{Heap after GC invocations=7 (full 0):
 garbage-first heap   total 40960K, used 14033K [0x0000000704000000, 0x0000000800000000)
  region size 2048K, 1 young (2048K), 1 survivors (2048K)
 Metaspace       used 29973K, committed 30208K, reserved 1114112K
  class space    used 3728K, committed 3840K, reserved 1048576K
}
Event: 3.502 GC heap before
{Heap before GC invocations=7 (full 0):
 garbage-first heap   total 40960K, used 28369K [0x0000000704000000, 0x0000000800000000)
  region size 2048K, 9 young (18432K), 1 survivors (2048K)
 Metaspace       used 33711K, committed 34048K, reserved 1114112K
  class space    used 4307K, committed 4480K, reserved 1048576K
}
Event: 3.503 GC heap after
{Heap after GC invocations=8 (full 0):
 garbage-first heap   total 40960K, used 15901K [0x0000000704000000, 0x0000000800000000)
  region size 2048K, 2 young (4096K), 2 survivors (4096K)
 Metaspace       used 33711K, committed 34048K, reserved 1114112K
  class space    used 4307K, committed 4480K, reserved 1048576K
}
Event: 5.001 GC heap before
{Heap before GC invocations=8 (full 0):
 garbage-first heap   total 40960K, used 26141K [0x0000000704000000, 0x0000000800000000)
  region size 2048K, 8 young (16384K), 2 survivors (4096K)
 Metaspace       used 35680K, committed 35968K, reserved 1114112K
  class space    used 4575K, committed 4736K, reserved 1048576K
}
Event: 5.003 GC heap after
{Heap after GC invocations=9 (full 0):
 garbage-first heap   total 40960K, used 19984K [0x0000000704000000, 0x0000000800000000)
  region size 2048K, 2 young (4096K), 2 survivors (4096K)
 Metaspace       used 35680K, committed 35968K, reserved 1114112K
  class space    used 4575K, committed 4736K, reserved 1048576K
}
Event: 5.105 GC heap before
{Heap before GC invocations=10 (full 0):
 garbage-first heap   total 40960K, used 28176K [0x0000000704000000, 0x0000000800000000)
  region size 2048K, 7 young (14336K), 2 survivors (4096K)
 Metaspace       used 36863K, committed 37120K, reserved 1114112K
  class space    used 4798K, committed 4928K, reserved 1048576K
}
Event: 5.106 GC heap after
{Heap after GC invocations=11 (full 0):
 garbage-first heap   total 40960K, used 19391K [0x0000000704000000, 0x0000000800000000)
  region size 2048K, 1 young (2048K), 1 survivors (2048K)
 Metaspace       used 36863K, committed 37120K, reserved 1114112K
  class space    used 4798K, committed 4928K, reserved 1048576K
}
Event: 5.128 GC heap before
{Heap before GC invocations=11 (full 0):
 garbage-first heap   total 40960K, used 21439K [0x0000000704000000, 0x0000000800000000)
  region size 2048K, 2 young (4096K), 1 survivors (2048K)
 Metaspace       used 37144K, committed 37440K, reserved 1114112K
  class space    used 4848K, committed 4992K, reserved 1048576K
}
Event: 5.132 GC heap after
{Heap after GC invocations=12 (full 0):
 garbage-first heap   total 149504K, used 19403K [0x0000000704000000, 0x0000000800000000)
  region size 2048K, 1 young (2048K), 1 survivors (2048K)
 Metaspace       used 37144K, committed 37440K, reserved 1114112K
  class space    used 4848K, committed 4992K, reserved 1048576K
}

Dll operation events (3 events):
Event: 0.007 Loaded shared library C:\Users\Yao\.jdks\jbr-17.0.8.1\bin\java.dll
Event: 0.008 Loaded shared library C:\Users\Yao\.jdks\jbr-17.0.8.1\bin\zip.dll
Event: 0.022 Loaded shared library C:\Users\Yao\.jdks\jbr-17.0.8.1\bin\jsvml.dll

Deoptimization events (20 events):
Event: 25.678 Thread 0x0000023c849bd0c0 Uncommon trap: trap_request=0xffffff45 fr.pc=0x0000023ce8f89fe4 relative=0x0000000000001144
Event: 25.678 Thread 0x0000023c849bd0c0 Uncommon trap: reason=unstable_if action=reinterpret pc=0x0000023ce8f89fe4 method=java.util.concurrent.ConcurrentHashMap.putVal(Ljava/lang/Object;Ljava/lang/Object;Z)Ljava/lang/Object; @ 148 c2
Event: 25.678 Thread 0x0000023c849bd0c0 DEOPT PACKING pc=0x0000023ce8f89fe4 sp=0x0000009b66cf9a50
Event: 25.678 Thread 0x0000023c849bd0c0 DEOPT UNPACKING pc=0x0000023ce86a69a3 sp=0x0000009b66cf99f0 mode 2
Event: 25.703 Thread 0x0000023c843c0aa0 Uncommon trap: trap_request=0xffffff45 fr.pc=0x0000023ce90cdbc0 relative=0x0000000000000220
Event: 25.703 Thread 0x0000023c843c0aa0 Uncommon trap: reason=unstable_if action=reinterpret pc=0x0000023ce90cdbc0 method=com.sun.javafx.geom.transform.AffineBase.transform2DBounds(Lcom/sun/javafx/geom/RectBounds;Lcom/sun/javafx/geom/RectBounds;)Lcom/sun/javafx/geom/BaseBounds; @ 7 c2
Event: 25.703 Thread 0x0000023c843c0aa0 DEOPT PACKING pc=0x0000023ce90cdbc0 sp=0x0000009b672fdaf0
Event: 25.703 Thread 0x0000023c843c0aa0 DEOPT UNPACKING pc=0x0000023ce86a69a3 sp=0x0000009b672fda68 mode 2
Event: 25.705 Thread 0x0000023c849bd0c0 Uncommon trap: trap_request=0xffffff45 fr.pc=0x0000023ce90c30e8 relative=0x00000000000005e8
Event: 25.705 Thread 0x0000023c849bd0c0 Uncommon trap: reason=unstable_if action=reinterpret pc=0x0000023ce90c30e8 method=javafx.scene.Node.pickNode(Lcom/sun/javafx/geom/PickRay;Lcom/sun/javafx/scene/input/PickResultChooser;)V @ 11 c2
Event: 25.705 Thread 0x0000023c849bd0c0 DEOPT PACKING pc=0x0000023ce90c30e8 sp=0x0000009b66cfa8b0
Event: 25.706 Thread 0x0000023c849bd0c0 DEOPT UNPACKING pc=0x0000023ce86a69a3 sp=0x0000009b66cfa618 mode 2
Event: 25.706 Thread 0x0000023c849bd0c0 Uncommon trap: trap_request=0xffffff45 fr.pc=0x0000023ce90c0afc relative=0x000000000000011c
Event: 25.706 Thread 0x0000023c849bd0c0 Uncommon trap: reason=unstable_if action=reinterpret pc=0x0000023ce90c0afc method=javafx.scene.Node.pickNode(Lcom/sun/javafx/geom/PickRay;Lcom/sun/javafx/scene/input/PickResultChooser;)V @ 11 c2
Event: 25.706 Thread 0x0000023c849bd0c0 DEOPT PACKING pc=0x0000023ce90c0afc sp=0x0000009b66cfa590
Event: 25.706 Thread 0x0000023c849bd0c0 DEOPT UNPACKING pc=0x0000023ce86a69a3 sp=0x0000009b66cfa520 mode 2
Event: 131.469 Thread 0x0000023c843c0aa0 DEOPT PACKING pc=0x0000023ce1eb193c sp=0x0000009b672feea0
Event: 131.469 Thread 0x0000023c843c0aa0 DEOPT UNPACKING pc=0x0000023ce86a7143 sp=0x0000009b672fe3c8 mode 1
Event: 131.470 Thread 0x0000023c9630bfd0 DEOPT PACKING pc=0x0000023ce141514c sp=0x0000009b665ff340
Event: 131.470 Thread 0x0000023c9630bfd0 DEOPT UNPACKING pc=0x0000023ce86a7143 sp=0x0000009b665fe7a0 mode 1

Classes unloaded (0 events):
No events

Classes redefined (0 events):
No events

Internal exceptions (20 events):
Event: 3.312 Thread 0x0000023c8e56ed10 Exception <a 'java/lang/NoSuchMethodError'{0x00000007132f90b8}: 'void java.lang.invoke.DirectMethodHandle$Holder.invokeStatic(java.lang.Object, java.lang.Object, int)'> (0x00000007132f90b8) 
thrown [s\src\hotspot\share\interpreter\linkResolver.cpp, line 771]
Event: 3.390 Thread 0x0000023c8e56e2f0 Exception <a 'java/lang/NoSuchMethodError'{0x0000000713036940}: 'java.lang.Object java.lang.invoke.DirectMethodHandle$Holder.newInvokeSpecial(java.lang.Object, java.lang.Object, long, java.lang.Object, java.lang.Object, java.lang.Object)'> (0x0000000713036940) 
thrown [s\src\hotspot\share\interpreter\linkResolver.cpp, line 771]
Event: 3.391 Thread 0x0000023c8e56e2f0 Exception <a 'java/lang/NoSuchMethodError'{0x0000000713069898}: 'void java.lang.invoke.DirectMethodHandle$Holder.invokeSpecial(java.lang.Object, java.lang.Object, java.lang.Object, java.lang.Object, java.lang.Object, java.lang.Object, java.lang.Object)'> (0x0000000713069898) 
thrown [s\src\hotspot\share\interpreter\linkResolver.cpp, line 771]
Event: 3.438 Thread 0x0000023c849bd0c0 Exception <a 'java/lang/NoSuchMethodError'{0x0000000712f1afb0}: 'void java.lang.invoke.DirectMethodHandle$Holder.invokeSpecial(java.lang.Object, java.lang.Object, int)'> (0x0000000712f1afb0) 
thrown [s\src\hotspot\share\interpreter\linkResolver.cpp, line 771]
Event: 3.454 Thread 0x0000023c849bd0c0 Exception <a 'java/io/FileNotFoundException'{0x0000000705c4cd08}> (0x0000000705c4cd08) 
thrown [s\src\hotspot\share\prims\jni.cpp, line 517]
Event: 3.457 Thread 0x0000023c849bd0c0 Exception <a 'java/io/FileNotFoundException'{0x0000000705c86188}> (0x0000000705c86188) 
thrown [s\src\hotspot\share\prims\jni.cpp, line 517]
Event: 3.500 Thread 0x0000023c849bd0c0 Exception <a 'java/lang/NoSuchMethodError'{0x00000007059ca780}: 'void java.lang.invoke.DirectMethodHandle$Holder.invokeSpecialIFC(java.lang.Object, java.lang.Object, java.lang.Object, java.lang.Object)'> (0x00000007059ca780) 
thrown [s\src\hotspot\share\interpreter\linkResolver.cpp, line 771]
Event: 3.515 Thread 0x0000023c849bd0c0 Exception <a 'java/lang/NoSuchMethodError'{0x0000000713b0a558}: 'int java.lang.invoke.DirectMethodHandle$Holder.invokeSpecial(java.lang.Object, java.lang.Object, int)'> (0x0000000713b0a558) 
thrown [s\src\hotspot\share\interpreter\linkResolver.cpp, line 771]
Event: 3.517 Thread 0x0000023c849bd0c0 Exception <a 'java/io/FileNotFoundException'{0x0000000713b367d0}> (0x0000000713b367d0) 
thrown [s\src\hotspot\share\prims\jni.cpp, line 517]
Event: 3.529 Thread 0x0000023c849bd0c0 Exception <a 'java/io/FileNotFoundException'{0x0000000713441860}> (0x0000000713441860) 
thrown [s\src\hotspot\share\prims\jni.cpp, line 517]
Event: 4.516 Thread 0x0000023c843c0aa0 Exception <a 'java/lang/NoSuchMethodError'{0x0000000712e01d70}: 'java.lang.Object java.lang.invoke.DirectMethodHandle$Holder.invokeStaticInit(java.lang.Object, int)'> (0x0000000712e01d70) 
thrown [s\src\hotspot\share\interpreter\linkResolver.cpp, line 771]
Event: 5.067 Thread 0x0000023c849bd0c0 Exception <a 'java/lang/ClassNotFoundException'{0x000000071329b410}: com/sun/javafx/scene/control/skin/resources/controls-nt> (0x000000071329b410) 
thrown [s\src\hotspot\share\prims\jni.cpp, line 536]
Event: 5.067 Thread 0x0000023c849bd0c0 Exception <a 'java/lang/ClassNotFoundException'{0x00000007132a3c98}: com/sun/javafx/scene/control/skin/resources/controls-nt_zh> (0x00000007132a3c98) 
thrown [s\src\hotspot\share\prims\jni.cpp, line 536]
Event: 5.067 Thread 0x0000023c849bd0c0 Exception <a 'java/lang/ClassNotFoundException'{0x00000007132a4ef8}: com/sun/javafx/scene/control/skin/resources/controls-nt_zh_CN> (0x00000007132a4ef8) 
thrown [s\src\hotspot\share\prims\jni.cpp, line 536]
Event: 5.067 Thread 0x0000023c849bd0c0 Exception <a 'java/lang/ClassNotFoundException'{0x00000007132a6158}: com/sun/javafx/scene/control/skin/resources/controls-nt_zh_Hans> (0x00000007132a6158) 
thrown [s\src\hotspot\share\prims\jni.cpp, line 536]
Event: 5.067 Thread 0x0000023c849bd0c0 Exception <a 'java/lang/ClassNotFoundException'{0x00000007132a73d8}: com/sun/javafx/scene/control/skin/resources/controls-nt_zh_Hans_CN> (0x00000007132a73d8) 
thrown [s\src\hotspot\share\prims\jni.cpp, line 536]
Event: 30.343 Thread 0x0000023c849bd0c0 Exception <a 'java/lang/NoSuchMethodError'{0x000000070acf5fd8}: 'java.lang.Object java.lang.invoke.DirectMethodHandle$Holder.newInvokeSpecial(java.lang.Object, java.lang.Object, int, int, int, int, int, java.lang.Object)'> (0x000000070acf5fd8) 
thrown [s\src\hotspot\share\interpreter\linkResolver.cpp, line 771]
Event: 30.346 Thread 0x0000023c849bd0c0 Exception <a 'java/lang/NoSuchMethodError'{0x000000070ad097b8}: 'java.lang.Object java.lang.invoke.DirectMethodHandle$Holder.newInvokeSpecial(java.lang.Object, java.lang.Object, java.lang.Object, int, int, int, int, int)'> (0x000000070ad097b8) 
thrown [s\src\hotspot\share\interpreter\linkResolver.cpp, line 771]
Event: 30.347 Thread 0x0000023c849bd0c0 Exception <a 'java/lang/NoSuchMethodError'{0x000000070ad11810}: 'java.lang.Object java.lang.invoke.Invokers$Holder.linkToTargetMethod(java.lang.Object, java.lang.Object, int, int, int, int, int, java.lang.Object)'> (0x000000070ad11810) 
thrown [s\src\hotspot\share\interpreter\linkResolver.cpp, line 771]
Event: 32.368 Thread 0x0000023c849bd0c0 Exception <a 'java/lang/NoSuchMethodError'{0x000000070adfee68}: 'java.lang.Object java.lang.invoke.DirectMethodHandle$Holder.newInvokeSpecial(java.lang.Object, java.lang.Object, java.lang.Object, int, java.lang.Object, java.lang.Object, java.lang.Object, int)'> (0x000000070adfee68) 
thrown [s\src\hotspot\share\interpreter\linkResolver.cpp, line 771]

VM Operations (20 events):
Event: 131.437 Executing VM operation: ChangeBreakpoints done
Event: 131.437 Executing VM operation: ChangeBreakpoints
Event: 131.437 Executing VM operation: ChangeBreakpoints done
Event: 131.437 Executing VM operation: ChangeBreakpoints
Event: 131.438 Executing VM operation: ChangeBreakpoints done
Event: 131.438 Executing VM operation: ChangeBreakpoints
Event: 131.438 Executing VM operation: ChangeBreakpoints done
Event: 131.438 Executing VM operation: ChangeBreakpoints
Event: 131.438 Executing VM operation: ChangeBreakpoints done
Event: 131.438 Executing VM operation: ChangeBreakpoints
Event: 131.439 Executing VM operation: ChangeBreakpoints done
Event: 131.439 Executing VM operation: ChangeBreakpoints
Event: 131.439 Executing VM operation: ChangeBreakpoints done
Event: 131.439 Executing VM operation: ChangeBreakpoints
Event: 131.439 Executing VM operation: ChangeBreakpoints done
Event: 131.439 Executing VM operation: ChangeBreakpoints
Event: 131.439 Executing VM operation: ChangeBreakpoints done
Event: 131.439 Executing VM operation: ChangeBreakpoints
Event: 131.439 Executing VM operation: ChangeBreakpoints done
Event: 131.471 Executing VM operation: Exit

Events (20 events):
Event: 131.440 Thread 0x0000023c8e56bf80 Thread exited: 0x0000023c8e56bf80
Event: 131.440 Thread 0x0000023c8e56e2f0 Thread exited: 0x0000023c8e56e2f0
Event: 131.440 loading class jdk/internal/net/http/SocketTube$SocketFlowEvent
Event: 131.440 loading class jdk/internal/net/http/SocketTube$SocketFlowEvent done
Event: 131.442 Thread 0x0000023cff41e7a0 Thread exited: 0x0000023cff41e7a0
Event: 131.443 Thread 0x0000023c9630a170 Thread added: 0x0000023c9630a170
Event: 131.449 Thread 0x0000023c963078f0 Thread added: 0x0000023c963078f0
Event: 131.450 Thread 0x0000023c9630c4e0 Thread added: 0x0000023c9630c4e0
Event: 131.466 loading class jdk/internal/misc/Signal$1
Event: 131.467 loading class jdk/internal/misc/Signal$1 done
Event: 131.467 Thread 0x0000023c9630bac0 Thread added: 0x0000023c9630bac0
Event: 131.468 Thread 0x0000023c9630bfd0 Thread added: 0x0000023c9630bfd0
Event: 131.468 Thread 0x0000023c9630c9f0 Thread added: 0x0000023c9630c9f0
Event: 131.468 loading class com/sun/javafx/tk/quantum/QuantumRenderer
Event: 131.468 loading class com/sun/javafx/tk/quantum/QuantumRenderer done
Event: 131.469 Thread 0x0000023c9630c9f0 Thread exited: 0x0000023c9630c9f0
Event: 131.469 loading class com/sun/javafx/tk/quantum/QuantumToolkit
Event: 131.469 loading class com/sun/javafx/tk/quantum/QuantumToolkit done
Event: 131.470 Thread 0x0000023c9630bfd0 Thread exited: 0x0000023c9630bfd0
Event: 131.471 Thread 0x0000023cfe7d9500 Thread exited: 0x0000023cfe7d9500


Dynamic libraries:
0x00007ff732260000 - 0x00007ff73226a000 	C:\Users\Yao\.jdks\jbr-17.0.8.1\bin\java.exe
0x00007fff966f0000 - 0x00007fff96906000 	C:\Windows\SYSTEM32\ntdll.dll
0x00007fff944c0000 - 0x00007fff94584000 	C:\Windows\System32\KERNEL32.DLL
0x00007fff93ff0000 - 0x00007fff94397000 	C:\Windows\System32\KERNELBASE.dll
0x00007fff93a10000 - 0x00007fff93b21000 	C:\Windows\System32\ucrtbase.dll
0x00007fff40790000 - 0x00007fff407a7000 	C:\Users\Yao\.jdks\jbr-17.0.8.1\bin\jli.dll
0x00007fff407b0000 - 0x00007fff407cb000 	C:\Users\Yao\.jdks\jbr-17.0.8.1\bin\VCRUNTIME140.dll
0x00007fff96500000 - 0x00007fff966ae000 	C:\Windows\System32\USER32.dll
0x00007fff93ea0000 - 0x00007fff93ec6000 	C:\Windows\System32\win32u.dll
0x00007fff94590000 - 0x00007fff945b9000 	C:\Windows\System32\GDI32.dll
0x00007fff93ed0000 - 0x00007fff93fe9000 	C:\Windows\System32\gdi32full.dll
0x00007fff93bf0000 - 0x00007fff93c8a000 	C:\Windows\System32\msvcp_win.dll
0x00007fff6cc90000 - 0x00007fff6cf23000 	C:\Windows\WinSxS\amd64_microsoft.windows.common-controls_6595b64144ccf1df_6.0.22621.3235_none_270f74e173860f98\COMCTL32.dll
0x00007fff95bf0000 - 0x00007fff95c97000 	C:\Windows\System32\msvcrt.dll
0x00007fff95b30000 - 0x00007fff95b61000 	C:\Windows\System32\IMM32.DLL
0x00007fff59010000 - 0x00007fff5901c000 	C:\Users\Yao\.jdks\jbr-17.0.8.1\bin\vcruntime140_1.dll
0x00007fff40700000 - 0x00007fff4078d000 	C:\Users\Yao\.jdks\jbr-17.0.8.1\bin\msvcp140.dll
0x00007ffebbea0000 - 0x00007ffebcb23000 	C:\Users\Yao\.jdks\jbr-17.0.8.1\bin\server\jvm.dll
0x00007fff95a70000 - 0x00007fff95b22000 	C:\Windows\System32\ADVAPI32.dll
0x00007fff94ef0000 - 0x00007fff94f98000 	C:\Windows\System32\sechost.dll
0x00007fff93e70000 - 0x00007fff93e98000 	C:\Windows\System32\bcrypt.dll
0x00007fff94bb0000 - 0x00007fff94cc5000 	C:\Windows\System32\RPCRT4.dll
0x00007fff938e0000 - 0x00007fff9392d000 	C:\Windows\SYSTEM32\POWRPROF.dll
0x00007fff85ee0000 - 0x00007fff85eea000 	C:\Windows\SYSTEM32\VERSION.dll
0x00007fff8c900000 - 0x00007fff8c934000 	C:\Windows\SYSTEM32\WINMM.dll
0x00007fff8c960000 - 0x00007fff8c969000 	C:\Windows\SYSTEM32\WSOCK32.dll
0x00007fff95b70000 - 0x00007fff95be1000 	C:\Windows\System32\WS2_32.dll
0x00007fff938c0000 - 0x00007fff938d3000 	C:\Windows\SYSTEM32\UMPDC.dll
0x00007fff92a10000 - 0x00007fff92a28000 	C:\Windows\SYSTEM32\kernel.appcore.dll
0x00007fff56fc0000 - 0x00007fff56fca000 	C:\Users\Yao\.jdks\jbr-17.0.8.1\bin\jimage.dll
0x00007fff90ec0000 - 0x00007fff910f3000 	C:\Windows\SYSTEM32\DBGHELP.DLL
0x00007fff94820000 - 0x00007fff94ba8000 	C:\Windows\System32\combase.dll
0x00007fff946c0000 - 0x00007fff94797000 	C:\Windows\System32\OLEAUT32.dll
0x00007fff84f60000 - 0x00007fff84f92000 	C:\Windows\SYSTEM32\dbgcore.DLL
0x00007fff943a0000 - 0x00007fff94419000 	C:\Windows\System32\bcryptPrimitives.dll
0x00007fff6cb30000 - 0x00007fff6cb6b000 	C:\Users\Yao\.jdks\jbr-17.0.8.1\bin\jdwp.dll
0x00007fff90770000 - 0x00007fff9077e000 	C:\Users\Yao\.jdks\jbr-17.0.8.1\bin\instrument.dll
0x00007fff406d0000 - 0x00007fff406f5000 	C:\Users\Yao\.jdks\jbr-17.0.8.1\bin\java.dll
0x00007fff406b0000 - 0x00007fff406c8000 	C:\Users\Yao\.jdks\jbr-17.0.8.1\bin\zip.dll
0x00007ffebbdc0000 - 0x00007ffebbe97000 	C:\Users\Yao\.jdks\jbr-17.0.8.1\bin\jsvml.dll
0x00007fff95ca0000 - 0x00007fff964fc000 	C:\Windows\System32\SHELL32.dll
0x00007fff91920000 - 0x00007fff92219000 	C:\Windows\SYSTEM32\windows.storage.dll
0x00007fff917e0000 - 0x00007fff9191e000 	C:\Windows\SYSTEM32\wintypes.dll
0x00007fff94de0000 - 0x00007fff94ed3000 	C:\Windows\System32\SHCORE.dll
0x00007fff95960000 - 0x00007fff959be000 	C:\Windows\System32\shlwapi.dll
0x00007fff93940000 - 0x00007fff93961000 	C:\Windows\SYSTEM32\profapi.dll
0x00007fff147f0000 - 0x00007fff14809000 	C:\Users\Yao\.jdks\jbr-17.0.8.1\bin\net.dll
0x00007fff8cd30000 - 0x00007fff8ce66000 	C:\Windows\SYSTEM32\WINHTTP.dll
0x00007fff92e70000 - 0x00007fff92ed9000 	C:\Windows\system32\mswsock.dll
0x00007fff12390000 - 0x00007fff123a6000 	C:\Users\Yao\.jdks\jbr-17.0.8.1\bin\nio.dll
0x00007fff8ba20000 - 0x00007fff8ba2c000 	C:\Users\Yao\.jdks\jbr-17.0.8.1\bin\dt_socket.dll
0x00007fff92480000 - 0x00007fff924ad000 	C:\Windows\SYSTEM32\IPHLPAPI.DLL
0x0000023cff520000 - 0x0000023cff523000 	C:\Users\Yao\.openjfx\cache\17.0.2-ea\api-ms-win-core-console-l1-1-0.dll
0x0000023cff530000 - 0x0000023cff533000 	C:\Users\Yao\.openjfx\cache\17.0.2-ea\api-ms-win-core-console-l1-2-0.dll
0x0000023cff540000 - 0x0000023cff543000 	C:\Users\Yao\.openjfx\cache\17.0.2-ea\api-ms-win-core-datetime-l1-1-0.dll
0x0000023cff550000 - 0x0000023cff553000 	C:\Users\Yao\.openjfx\cache\17.0.2-ea\api-ms-win-core-debug-l1-1-0.dll
0x0000023cff560000 - 0x0000023cff563000 	C:\Users\Yao\.openjfx\cache\17.0.2-ea\api-ms-win-core-errorhandling-l1-1-0.dll
0x0000023cff570000 - 0x0000023cff574000 	C:\Users\Yao\.openjfx\cache\17.0.2-ea\api-ms-win-core-file-l1-1-0.dll
0x0000023cff580000 - 0x0000023cff583000 	C:\Users\Yao\.openjfx\cache\17.0.2-ea\api-ms-win-core-file-l1-2-0.dll
0x0000023cff590000 - 0x0000023cff593000 	C:\Users\Yao\.openjfx\cache\17.0.2-ea\api-ms-win-core-file-l2-1-0.dll
0x0000023cff5a0000 - 0x0000023cff5a3000 	C:\Users\Yao\.openjfx\cache\17.0.2-ea\api-ms-win-core-handle-l1-1-0.dll
0x0000023cff5b0000 - 0x0000023cff5b3000 	C:\Users\Yao\.openjfx\cache\17.0.2-ea\api-ms-win-core-heap-l1-1-0.dll
0x0000023cff5c0000 - 0x0000023cff5c3000 	C:\Users\Yao\.openjfx\cache\17.0.2-ea\api-ms-win-core-interlocked-l1-1-0.dll
0x0000023cff5d0000 - 0x0000023cff5d3000 	C:\Users\Yao\.openjfx\cache\17.0.2-ea\api-ms-win-core-libraryloader-l1-1-0.dll
0x0000023cff5e0000 - 0x0000023cff5e3000 	C:\Users\Yao\.openjfx\cache\17.0.2-ea\api-ms-win-core-localization-l1-2-0.dll
0x0000023cff5f0000 - 0x0000023cff5f3000 	C:\Users\Yao\.openjfx\cache\17.0.2-ea\api-ms-win-core-memory-l1-1-0.dll
0x0000023cff600000 - 0x0000023cff603000 	C:\Users\Yao\.openjfx\cache\17.0.2-ea\api-ms-win-core-namedpipe-l1-1-0.dll
0x0000023cff610000 - 0x0000023cff613000 	C:\Users\Yao\.openjfx\cache\17.0.2-ea\api-ms-win-core-processenvironment-l1-1-0.dll
0x0000023cff620000 - 0x0000023cff623000 	C:\Users\Yao\.openjfx\cache\17.0.2-ea\api-ms-win-core-processthreads-l1-1-0.dll
0x0000023cff630000 - 0x0000023cff633000 	C:\Users\Yao\.openjfx\cache\17.0.2-ea\api-ms-win-core-processthreads-l1-1-1.dll
0x0000023cff640000 - 0x0000023cff643000 	C:\Users\Yao\.openjfx\cache\17.0.2-ea\api-ms-win-core-profile-l1-1-0.dll
0x0000023cff650000 - 0x0000023cff653000 	C:\Users\Yao\.openjfx\cache\17.0.2-ea\api-ms-win-core-rtlsupport-l1-1-0.dll
0x0000023cff660000 - 0x0000023cff663000 	C:\Users\Yao\.openjfx\cache\17.0.2-ea\api-ms-win-core-string-l1-1-0.dll
0x0000023cff670000 - 0x0000023cff673000 	C:\Users\Yao\.openjfx\cache\17.0.2-ea\api-ms-win-core-synch-l1-1-0.dll
0x0000023cff680000 - 0x0000023cff683000 	C:\Users\Yao\.openjfx\cache\17.0.2-ea\api-ms-win-core-synch-l1-2-0.dll
0x0000023cff690000 - 0x0000023cff693000 	C:\Users\Yao\.openjfx\cache\17.0.2-ea\api-ms-win-core-sysinfo-l1-1-0.dll
0x0000023cff6a0000 - 0x0000023cff6a3000 	C:\Users\Yao\.openjfx\cache\17.0.2-ea\api-ms-win-core-timezone-l1-1-0.dll
0x0000023cff6b0000 - 0x0000023cff6b3000 	C:\Users\Yao\.openjfx\cache\17.0.2-ea\api-ms-win-core-util-l1-1-0.dll
0x0000023cff6c0000 - 0x0000023cff6c3000 	C:\Users\Yao\.openjfx\cache\17.0.2-ea\api-ms-win-crt-conio-l1-1-0.dll
0x0000023cff6d0000 - 0x0000023cff6d4000 	C:\Users\Yao\.openjfx\cache\17.0.2-ea\api-ms-win-crt-convert-l1-1-0.dll
0x0000023cff6e0000 - 0x0000023cff6e3000 	C:\Users\Yao\.openjfx\cache\17.0.2-ea\api-ms-win-crt-environment-l1-1-0.dll
0x0000023cff6f0000 - 0x0000023cff6f3000 	C:\Users\Yao\.openjfx\cache\17.0.2-ea\api-ms-win-crt-filesystem-l1-1-0.dll
0x0000023cff700000 - 0x0000023cff703000 	C:\Users\Yao\.openjfx\cache\17.0.2-ea\api-ms-win-crt-heap-l1-1-0.dll
0x0000023cff710000 - 0x0000023cff713000 	C:\Users\Yao\.openjfx\cache\17.0.2-ea\api-ms-win-crt-locale-l1-1-0.dll
0x0000023cff720000 - 0x0000023cff725000 	C:\Users\Yao\.openjfx\cache\17.0.2-ea\api-ms-win-crt-math-l1-1-0.dll
0x0000023cff730000 - 0x0000023cff735000 	C:\Users\Yao\.openjfx\cache\17.0.2-ea\api-ms-win-crt-multibyte-l1-1-0.dll
0x0000023cff740000 - 0x0000023cff750000 	C:\Users\Yao\.openjfx\cache\17.0.2-ea\api-ms-win-crt-private-l1-1-0.dll
0x0000023cff750000 - 0x0000023cff753000 	C:\Users\Yao\.openjfx\cache\17.0.2-ea\api-ms-win-crt-process-l1-1-0.dll
0x0000023cff760000 - 0x0000023cff764000 	C:\Users\Yao\.openjfx\cache\17.0.2-ea\api-ms-win-crt-runtime-l1-1-0.dll
0x0000023cff770000 - 0x0000023cff774000 	C:\Users\Yao\.openjfx\cache\17.0.2-ea\api-ms-win-crt-stdio-l1-1-0.dll
0x0000023cff780000 - 0x0000023cff784000 	C:\Users\Yao\.openjfx\cache\17.0.2-ea\api-ms-win-crt-string-l1-1-0.dll
0x0000023cff790000 - 0x0000023cff793000 	C:\Users\Yao\.openjfx\cache\17.0.2-ea\api-ms-win-crt-time-l1-1-0.dll
0x0000023cff7a0000 - 0x0000023cff7a3000 	C:\Users\Yao\.openjfx\cache\17.0.2-ea\api-ms-win-crt-utility-l1-1-0.dll
0x00007fff50e60000 - 0x00007fff50f5c000 	C:\Users\Yao\.openjfx\cache\17.0.2-ea\ucrtbase.dll
0x00007fff8be50000 - 0x00007fff8be6a000 	C:\Users\Yao\.openjfx\cache\17.0.2-ea\vcruntime140.dll
0x00007fff8ba90000 - 0x00007fff8ba9c000 	C:\Users\Yao\.openjfx\cache\17.0.2-ea\vcruntime140_1.dll
0x00007fff5fef0000 - 0x00007fff5ff7d000 	C:\Users\Yao\.openjfx\cache\17.0.2-ea\msvcp140.dll
0x00007fff89470000 - 0x00007fff8949a000 	C:\Users\Yao\.openjfx\cache\17.0.2-ea\prism_d3d.dll
0x00007fff6fbd0000 - 0x00007fff6fd79000 	C:\Windows\system32\d3d9.dll
0x00007fff90c50000 - 0x00007fff90c7b000 	C:\Windows\SYSTEM32\dwmapi.dll
0x00007fff90cc0000 - 0x00007fff90cf9000 	C:\Windows\SYSTEM32\dxcore.dll
0x00007fff909d0000 - 0x00007fff90a7b000 	C:\Windows\system32\uxtheme.dll
0x00007fff93610000 - 0x00007fff9365e000 	C:\Windows\SYSTEM32\cfgmgr32.dll
0x00007fff93c90000 - 0x00007fff93df7000 	C:\Windows\System32\CRYPT32.dll
0x00007fff94fa0000 - 0x00007fff95145000 	C:\Windows\System32\ole32.dll
0x00007fff8c140000 - 0x00007fff8c18a000 	C:\Windows\SYSTEM32\directxdatabasehelper.dll
0x00007fff92f20000 - 0x00007fff92f48000 	C:\Windows\SYSTEM32\USERENV.dll
0x00007fff93090000 - 0x00007fff930ab000 	C:\Windows\SYSTEM32\CRYPTSP.dll
0x00007fff92970000 - 0x00007fff929a5000 	C:\Windows\system32\rsaenh.dll
0x00007fff93080000 - 0x00007fff9308c000 	C:\Windows\SYSTEM32\CRYPTBASE.dll
0x00007fff84cb0000 - 0x00007fff84f3e000 	C:\Windows\SYSTEM32\twinapi.appcore.dll
0x00007fff75050000 - 0x00007fff75092000 	C:\Users\Yao\.openjfx\cache\17.0.2-ea\glass.dll
0x00007fff945c0000 - 0x00007fff946b9000 	C:\Windows\System32\COMDLG32.dll
0x00007fff44de0000 - 0x00007fff44f19000 	C:\ProgramData\A-Volute\A-Volute.Nahimic\Modules\Scheduled\x64\AudioDevProps2.dll
0x00007fff95160000 - 0x00007fff952b3000 	C:\Windows\System32\MSCTF.dll
0x00007fff810b0000 - 0x00007fff810dd000 	C:\Users\Yao\.openjfx\cache\17.0.2-ea\javafx_iio.dll
0x00007fff8b9e0000 - 0x00007fff8b9f4000 	C:\Users\Yao\.openjfx\cache\17.0.2-ea\javafx_font.dll
0x00007fff8ee40000 - 0x00007fff8f0b4000 	C:\Windows\SYSTEM32\dwrite.dll
0x00007fff959c0000 - 0x00007fff95a70000 	C:\Windows\System32\clbcatq.dll
0x00007fff8e640000 - 0x00007fff8e7f0000 	C:\Windows\SYSTEM32\WindowsCodecs.dll
0x00007fff69060000 - 0x00007fff690be000 	C:\Windows\system32\dataexchange.dll
0x00007fff610d0000 - 0x00007fff61102000 	C:\Program Files\Common Files\Microsoft Shared\Ink\rtscom.dll
0x00007fff74610000 - 0x00007fff7475a000 	C:\Windows\SYSTEM32\textinputframework.dll
0x00007fff90370000 - 0x00007fff904a4000 	C:\Windows\SYSTEM32\CoreMessaging.dll
0x00007fff87330000 - 0x00007fff8769c000 	C:\Windows\SYSTEM32\CoreUIComponents.dll
0x00007fff29570000 - 0x00007fff299ce000 	C:\Windows\system32\SogouTSF.ime
0x00007fff6f3e0000 - 0x00007fff6f3e7000 	C:\Windows\system32\MSIMG32.dll
0x00007fff28700000 - 0x00007fff2956b000 	C:\Windows\system32\SogouPY.ime

dbghelp: loaded successfully - version: 4.0.5 - missing functions: none
symbol engine: initialized successfully - sym options: 0x614 - pdb path: .;C:\Users\Yao\.jdks\jbr-17.0.8.1\bin;C:\Windows\SYSTEM32;C:\Windows\WinSxS\amd64_microsoft.windows.common-controls_6595b64144ccf1df_6.0.22621.3235_none_270f74e173860f98;C:\Users\Yao\.jdks\jbr-17.0.8.1\bin\server;C:\Users\Yao\.openjfx\cache\17.0.2-ea;C:\Windows\System32\DriverStore\FileRepository\iigd_dch.inf_amd64_1c096b3397af68b6;C:\ProgramData\A-Volute\A-Volute.Nahimic\Modules\Scheduled\x64;C:\Program Files\Common Files\Microsoft Shared\Ink;C:\Program Files (x86)\SogouInput\Components\PicFace\1.1.0.2129;C:\Program Files (x86)\SogouInput\14.2.0.8968

VM Arguments:
jvm_args: -agentlib:jdwp=transport=dt_socket,address=127.0.0.1:63859,suspend=y,server=n -javaagent:C:\Users\Yao\AppData\Local\JetBrains\IntelliJIdea2023.2\captureAgent\debugger-agent.jar -Dfile.encoding=UTF-8 --module-path=C:\Users\Yao\.m2\repository\org\openjfx\javafx-graphics\17.0.2\javafx-graphics-17.0.2-win.jar;C:\Users\Yao\.m2\repository\org\apache\pdfbox\pdfbox\2.0.24\pdfbox-2.0.24.jar;C:\Users\Yao\.m2\repository\org\openjfx\javafx-controls\17.0.2\javafx-controls-17.0.2-win.jar;C:\Users\Yao\.m2\repository\org\springframework\security\spring-security-crypto\6.0.0\spring-security-crypto-6.0.0.jar;C:\Users\Yao\.m2\repository\org\openjfx\javafx-web\17-ea+11\javafx-web-17-ea+11-win.jar;C:\Users\Yao\.m2\repository\org\openjfx\javafx-swing\17.0.2\javafx-swing-17.0.2-win.jar;E:\teach\java-fx\target\classes;C:\Users\Yao\.m2\repository\org\openjfx\javafx-media\17-ea+11\javafx-media-17-ea+11-win.jar;C:\Users\Yao\.m2\repository\com\google\code\gson\gson\2.8.6\gson-2.8.6.jar;C:\Users\Yao\.m2\repository\org\openjfx\javafx-base\17.0.2\javafx-base-17.0.2-win.jar;C:\Users\Yao\.m2\repository\org\openjfx\javafx-fxml\17.0.2\javafx-fxml-17.0.2-win.jar -Djdk.module.main=com.teach.javafx 
java_command: com.teach.javafx/com.teach.javafx.MainApplication
java_class_path (initial): C:\Users\Yao\.m2\repository\org\openjfx\javafx-controls\17.0.2\javafx-controls-17.0.2.jar;C:\Users\Yao\.m2\repository\org\openjfx\javafx-graphics\17.0.2\javafx-graphics-17.0.2.jar;C:\Users\Yao\.m2\repository\org\openjfx\javafx-base\17.0.2\javafx-base-17.0.2.jar;C:\Users\Yao\.m2\repository\org\openjfx\javafx-fxml\17.0.2\javafx-fxml-17.0.2.jar;C:\Users\Yao\.m2\repository\org\openjfx\javafx-web\17-ea+11\javafx-web-17-ea+11.jar;C:\Users\Yao\.m2\repository\org\openjfx\javafx-media\17-ea+11\javafx-media-17-ea+11.jar;C:\Users\Yao\.m2\repository\org\openjfx\javafx-swing\17.0.2\javafx-swing-17.0.2.jar;C:\Users\Yao\.m2\repository\org\apache\pdfbox\fontbox\2.0.24\fontbox-2.0.24.jar;C:\Users\Yao\.m2\repository\commons-logging\commons-logging\1.2\commons-logging-1.2.jar;C:\Users\Yao\.m2\repository\io\github\palexdev\materialfx\11.15.0\materialfx-11.15.0.jar;C:\Users\Yao\.m2\repository\io\github\palexdev\virtualizedfx\11.2.6\virtualizedfx-11.2.6.jar;D:\IntelliJ IDEA 2023.2.3\lib\idea_rt.jar
Launcher Type: SUN_STANDARD

[Global flags]
     intx CICompilerCount                          = 15                                        {product} {ergonomic}
     uint ConcGCThreads                            = 6                                         {product} {ergonomic}
     uint G1ConcRefinementThreads                  = 23                                        {product} {ergonomic}
   size_t G1HeapRegionSize                         = 2097152                                   {product} {ergonomic}
    uintx GCDrainStackTargetSize                   = 64                                        {product} {ergonomic}
   size_t InitialHeapSize                          = 264241152                                 {product} {ergonomic}
   size_t MarkStackSize                            = 4194304                                   {product} {ergonomic}
   size_t MaxHeapSize                              = 4227858432                                {product} {ergonomic}
   size_t MaxNewSize                               = 2535456768                                {product} {ergonomic}
   size_t MinHeapDeltaBytes                        = 2097152                                   {product} {ergonomic}
   size_t MinHeapSize                              = 8388608                                   {product} {ergonomic}
    uintx NonNMethodCodeHeapSize                   = 8192380                                {pd product} {ergonomic}
    uintx NonProfiledCodeHeapSize                  = 121732930                              {pd product} {ergonomic}
    uintx ProfiledCodeHeapSize                     = 121732930                              {pd product} {ergonomic}
    uintx ReservedCodeCacheSize                    = 251658240                              {pd product} {ergonomic}
     bool SegmentedCodeCache                       = true                                      {product} {ergonomic}
   size_t SoftMaxHeapSize                          = 4227858432                             {manageable} {ergonomic}
     bool UseCompressedClassPointers               = true                           {product lp64_product} {ergonomic}
     bool UseCompressedOops                        = true                           {product lp64_product} {ergonomic}
     bool UseG1GC                                  = true                                      {product} {ergonomic}
     bool UseLargePagesIndividualAllocation        = false                                  {pd product} {ergonomic}

Logging:
Log output configuration:
 #0: stdout all=off uptime,level,tags
 #1: stderr all=off uptime,level,tags

Environment Variables:
JAVA_HOME=D:\jdk17.0.1\bin
PATH=C:\Program Files\Common Files\Oracle\Java\javapath;C:\Windows\system32;C:\Windows;C:\Windows\System32\Wbem;C:\Windows\System32\WindowsPowerShell\v1.0\;C:\Windows\System32\OpenSSH\;C:\Program Files (x86)\NVIDIA Corporation\PhysX\Common;C:\Program Files\NVIDIA Corporation\NVIDIA NvDLISR;D:\maven\apache-maven-3.9.5\bin\bin;C:\Program Files\MATLAB\R2020a\bin;C:\Users\Yao\Downloads\chromedriver-win64\chromedriver-win64;E:\wall\chromedriver-win64;D:\jdk17.0.1\bin;D:\jdk17.0.1\jre\bin;C:\Program Files\Git\cmd;C:\Program Files (x86)\Google;D:\anaconda;D:\anaconda\Library\mingw-w64\bin;D:\anaconda\Library\usr\bin;D:\anaconda\Library\bin;D:\anaconda\Scripts;C:\Users\Yao\AppData\Local\Microsoft\WindowsApps;C:\Users\Yao\Desktop\IntelliJ IDEA Community Edition 2023.2.1\bin;;C:\Users\Yao\Desktop\Microsoft VS Code\bin;D:\maven\apache-maven-3.9.5\bin\bin;D:\jdk17.0.1\bin\bin;D:\jdk17.0.1\bin\jre\bin;D:\maven\apache-maven-3.9.5\bin\bin;D:\IntelliJ IDEA 2023.2.3\bin;;D:\pycharm\PyCharm Community Edition 2023.2.4\bin;;E:\Webstorm\WebStorm 2023.3.2\bin;;C:\Users\Yao\AppData\Local\GitHubDesktop\bin
USERNAME=28800
OS=Windows_NT
PROCESSOR_IDENTIFIER=Intel64 Family 6 Model 183 Stepping 1, GenuineIntel
TMP=C:\Users\Yao\AppData\Local\Temp
TEMP=C:\Users\Yao\AppData\Local\Temp


JNI global refs:
JNI global refs: 78, weak refs: 0

JNI global refs memory usage: 3067, weak refs: 1169

OOME stack traces (most recent first):
Classloader memory used:
Loader bootstrap                                                                       : 2489K
Loader jdk.internal.loader.ClassLoaders$AppClassLoader                                 : 2146K
Loader jdk.internal.loader.ClassLoaders$PlatformClassLoader                            : 203K
Loader jdk.internal.reflect.DelegatingClassLoader                                      : 8821B
Loader com.sun.javafx.reflect.MethodUtil                                               : 513B


---------------  S Y S T E M  ---------------

OS:
 Windows 11 , 64 bit Build 22621 (10.0.22621.3374)
OS uptime: 22 days 21:14 hours
Hyper-V role detected

CPU: total 32 (initial active 32) (16 cores per cpu, 2 threads per core) family 6 model 183 stepping 1 microcode 0x113, cx8, cmov, fxsr, ht, mmx, 3dnowpref, sse, sse2, sse3, ssse3, sse4.1, sse4.2, popcnt, lzcnt, tsc, tscinvbit, avx, avx2, aes, erms, clmul, bmi1, bmi2, adx, sha, fma, vzeroupper, clflush, clflushopt, clwb, hv
Processor Information for processor 0
  Max Mhz: 2200, Current Mhz: 2200, Mhz Limit: 2200
Processor Information for processor 1
  Max Mhz: 2200, Current Mhz: 2200, Mhz Limit: 2200
Processor Information for processor 2
  Max Mhz: 2200, Current Mhz: 2200, Mhz Limit: 2200
Processor Information for processor 3
  Max Mhz: 2200, Current Mhz: 2200, Mhz Limit: 2200
Processor Information for processor 4
  Max Mhz: 2200, Current Mhz: 2200, Mhz Limit: 2200
Processor Information for processor 5
  Max Mhz: 2200, Current Mhz: 2200, Mhz Limit: 2200
Processor Information for processor 6
  Max Mhz: 2200, Current Mhz: 2200, Mhz Limit: 2200
Processor Information for processor 7
  Max Mhz: 2200, Current Mhz: 2200, Mhz Limit: 2200
Processor Information for processor 8
  Max Mhz: 2200, Current Mhz: 2200, Mhz Limit: 2200
Processor Information for processor 9
  Max Mhz: 2200, Current Mhz: 2200, Mhz Limit: 2200
Processor Information for processor 10
  Max Mhz: 2200, Current Mhz: 2200, Mhz Limit: 2200
Processor Information for processor 11
  Max Mhz: 2200, Current Mhz: 2200, Mhz Limit: 2200
Processor Information for processor 12
  Max Mhz: 2200, Current Mhz: 2200, Mhz Limit: 2200
Processor Information for processor 13
  Max Mhz: 2200, Current Mhz: 2200, Mhz Limit: 2200
Processor Information for processor 14
  Max Mhz: 2200, Current Mhz: 2200, Mhz Limit: 2200
Processor Information for processor 15
  Max Mhz: 2200, Current Mhz: 2200, Mhz Limit: 2200
Processor Information for processor 16
  Max Mhz: 2200, Current Mhz: 2200, Mhz Limit: 2200
Processor Information for processor 17
  Max Mhz: 2200, Current Mhz: 2200, Mhz Limit: 2200
Processor Information for processor 18
  Max Mhz: 2200, Current Mhz: 2200, Mhz Limit: 2200
Processor Information for processor 19
  Max Mhz: 2200, Current Mhz: 2200, Mhz Limit: 2200
Processor Information for processor 20
  Max Mhz: 2200, Current Mhz: 2200, Mhz Limit: 2200
Processor Information for processor 21
  Max Mhz: 2200, Current Mhz: 2200, Mhz Limit: 2200
Processor Information for processor 22
  Max Mhz: 2200, Current Mhz: 2200, Mhz Limit: 2200
Processor Information for processor 23
  Max Mhz: 2200, Current Mhz: 2200, Mhz Limit: 2200
Processor Information for processor 24
  Max Mhz: 2200, Current Mhz: 2200, Mhz Limit: 2200
Processor Information for processor 25
  Max Mhz: 2200, Current Mhz: 2200, Mhz Limit: 2200
Processor Information for processor 26
  Max Mhz: 2200, Current Mhz: 1512, Mhz Limit: 2200
Processor Information for processor 27
  Max Mhz: 2200, Current Mhz: 1512, Mhz Limit: 2200
Processor Information for processor 28
  Max Mhz: 2200, Current Mhz: 2200, Mhz Limit: 2200
Processor Information for processor 29
  Max Mhz: 2200, Current Mhz: 1512, Mhz Limit: 2200
Processor Information for processor 30
  Max Mhz: 2200, Current Mhz: 1512, Mhz Limit: 2200
Processor Information for processor 31
  Max Mhz: 2200, Current Mhz: 1512, Mhz Limit: 2200

Memory: 4k page, system-wide physical 16123M (2180M free)
TotalPageFile size 32033M (AvailPageFile size 4609M)
current process WorkingSet (physical memory assigned to process): 471M, peak: 554M
current process commit charge ("private bytes"): 610M, peak: 720M

vm_info: OpenJDK 64-Bit Server VM (17.0.8.1+7-b1063.1) for windows-amd64 JRE (17.0.8.1+7-b1063.1), built on 2023-09-22 by "builduser" with MS VC++ 16.10 / 16.11 (VS2019)

END.
